<?xml version="1.0" encoding="UTF-8"?>
<!-- Generated by org.testng.reporters.JUnitReportReporter -->
<testsuite hostname="LAPTOP-QHMIOBC5" failures="0" tests="1" name="testScripts_Baseclass.EditEmployeeFromHRACheckFromHRHTC24_Test" time="175.456" errors="0" timestamp="2023-12-01T11:03:57 IST" skipped="0">
  <testcase classname="testScripts_Baseclass.EditEmployeeFromHRACheckFromHRHTC24_Test" name="tc24" time="175.456"/>
  <system-out>
    <![CDATA[tc24--- TestScript Execution Starts From Here ---
Login Successfully!!
Update Successfully!!!
Successfully Logout!
Login Successfully!!
Successfully Logout!
tc24 Executed Succeessfully]]>
  </system-out>
</testsuite> <!-- testScripts_Baseclass.EditEmployeeFromHRACheckFromHRHTC24_Test -->
