<?xml version="1.0" encoding="UTF-8"?>
<!-- Generated by org.testng.reporters.JUnitReportReporter -->
<testsuite hostname="LAPTOP-QHMIOBC5" failures="0" tests="4" name="com.Practice_Package.Demo2" time="0.033" errors="0" timestamp="2023-11-24T12:44:59 IST" skipped="0">
  <testcase classname="com.Practice_Package.Demo2" name="m3" time="0.002"/>
  <system-out/>
  <testcase classname="com.Practice_Package.Demo2" name="m4" time="0.005"/>
  <system-out/>
  <testcase classname="com.Practice_Package.Demo2" name="m4" time="0.008"/>
  <system-out/>
  <testcase classname="com.Practice_Package.Demo2" name="m3" time="0.018"/>
  <system-out/>
</testsuite> <!-- com.Practice_Package.Demo2 -->
