<?xml version="1.0" encoding="UTF-8"?>
<!-- Generated by org.testng.reporters.JUnitReportReporter -->
<testsuite hostname="LAPTOP-QHMIOBC5" failures="0" tests="1" name="testScripts_Baseclass.CreateHRAssistantDeleteHRAAgainLoginTC34_Test" time="26.427" errors="0" timestamp="2023-12-01T18:23:44 IST" skipped="0">
  <testcase classname="testScripts_Baseclass.CreateHRAssistantDeleteHRAAgainLoginTC34_Test" name="TC_34" time="26.427"/>
  <system-out>
    <![CDATA[TC_34--- TestScript Execution Starts From Here ---
Login Successfully!!
Insert Successfully!!!
Successfully Logout!
Login Successfully!!
Successfully Logout!
Login Successfully!!
Delete Successfully!!!
Successfully Logout!
TC_34 Executed Succeessfully]]>
  </system-out>
</testsuite> <!-- testScripts_Baseclass.CreateHRAssistantDeleteHRAAgainLoginTC34_Test -->
