<?xml version="1.0" encoding="UTF-8"?>
<!-- Generated by org.testng.reporters.JUnitReportReporter -->
<testsuite hostname="LAPTOP-QHMIOBC5" failures="0" tests="1" name="testScripts_Baseclass.AddEmployeeHRH_Count_Employee_KPI_FromHRO_TC_54_Test" time="119.275" errors="0" timestamp="2023-11-28T14:40:14 IST" skipped="0">
  <testcase classname="testScripts_Baseclass.AddEmployeeHRH_Count_Employee_KPI_FromHRO_TC_54_Test" name="tc54" time="119.275"/>
  <system-out>
    <![CDATA[Login Successfully!!
Insert Successfully!!!
Successfully Logout!
Login Successfully!!
Successfully Logout!]]>
  </system-out>
</testsuite> <!-- testScripts_Baseclass.AddEmployeeHRH_Count_Employee_KPI_FromHRO_TC_54_Test -->
