<?xml version="1.0" encoding="UTF-8"?>
<!-- Generated by org.testng.reporters.JUnitReportReporter -->
<testsuite hostname="LAPTOP-QHMIOBC5" failures="0" tests="1" name="com.Practice_Package.TestAssertions" time="3.652" errors="0" timestamp="2023-11-22T16:09:32 IST" skipped="0">
  <testcase classname="com.Practice_Package.TestAssertions" name="m2" time="3.652"/>
  <system-out/>
</testsuite> <!-- com.Practice_Package.TestAssertions -->
