<?xml version="1.0" encoding="UTF-8"?>
<!-- Generated by org.testng.reporters.JUnitReportReporter -->
<testsuite hostname="LAPTOP-QHMIOBC5" failures="0" tests="3" name="com.Practice_Package.TestDataProviderClass2" time="0.013" errors="0" timestamp="2023-11-20T15:52:32 IST" skipped="0">
  <testcase classname="com.Practice_Package.TestDataProviderClass2" name="m1" time="0.009"/>
  <system-out/>
  <testcase classname="com.Practice_Package.TestDataProviderClass2" name="m1" time="0.002"/>
  <system-out/>
  <testcase classname="com.Practice_Package.TestDataProviderClass2" name="m1" time="0.002"/>
  <system-out/>
</testsuite> <!-- com.Practice_Package.TestDataProviderClass2 -->
