<?xml version="1.0" encoding="UTF-8"?>
<!-- Generated by org.testng.reporters.JUnitReportReporter -->
<testsuite hostname="LAPTOP-QHMIOBC5" failures="0" tests="2" name="com.Practice_Package.Dummy3" time="0.017" errors="0" timestamp="2023-11-22T10:49:55 IST" skipped="0">
  <testcase classname="com.Practice_Package.Dummy3" name="m1" time="0.015"/>
  <system-out/>
  <testcase classname="com.Practice_Package.Dummy3" name="m2" time="0.002"/>
  <system-out/>
</testsuite> <!-- com.Practice_Package.Dummy3 -->
