<?xml version="1.0" encoding="UTF-8"?>
<!-- Generated by org.testng.reporters.JUnitReportReporter -->
<testsuite hostname="LAPTOP-QHMIOBC5" failures="0" tests="1" name="testScripts_Baseclass.CreateHRHeadChangeTypeToHROfficerAddEmployeeTC31_Test" time="243.397" errors="0" timestamp="2023-12-05T14:48:22 IST" skipped="0">
  <testcase classname="testScripts_Baseclass.CreateHRHeadChangeTypeToHROfficerAddEmployeeTC31_Test" name="tc31" time="243.397"/>
  <system-out>
    <![CDATA[tc31--- TestScript Execution Starts From Here ---
Login Successfully!!
Insert Successfully!!!
Successfully Logout!
Login Successfully!!
Insert Successfully!!!
Successfully Logout!
Login Successfully!!
Update Successfully!!!
Successfully Logout!
tc31 Executed Succeessfully]]>
  </system-out>
</testsuite> <!-- testScripts_Baseclass.CreateHRHeadChangeTypeToHROfficerAddEmployeeTC31_Test -->
