<?xml version="1.0" encoding="UTF-8"?>
<!-- Generated by org.testng.reporters.JUnitReportReporter -->
<testsuite hostname="LAPTOP-QHMIOBC5" failures="0" tests="5" name="com.Practice_Package.DataProvider_ExcelUtil" time="0.020" errors="0" timestamp="2023-11-20T16:34:04 IST" skipped="0">
  <testcase classname="com.Practice_Package.DataProvider_ExcelUtil" name="m5" time="0.002"/>
  <system-out/>
  <testcase classname="com.Practice_Package.DataProvider_ExcelUtil" name="m5" time="0.002"/>
  <system-out/>
  <testcase classname="com.Practice_Package.DataProvider_ExcelUtil" name="m5" time="0.011"/>
  <system-out/>
  <testcase classname="com.Practice_Package.DataProvider_ExcelUtil" name="m5" time="0.002"/>
  <system-out/>
  <testcase classname="com.Practice_Package.DataProvider_ExcelUtil" name="m5" time="0.003"/>
  <system-out/>
</testsuite> <!-- com.Practice_Package.DataProvider_ExcelUtil -->
