<?xml version="1.0" encoding="UTF-8"?>
<!-- Generated by org.testng.reporters.JUnitReportReporter -->
<testsuite hostname="LAPTOP-QHMIOBC5" failures="0" tests="5" name="com.Practice_Package.Dummy" time="0.020" errors="0" timestamp="2023-11-20T16:53:46 IST" skipped="0">
  <testcase classname="com.Practice_Package.Dummy" name="c" time="0.002"/>
  <system-out/>
  <testcase classname="com.Practice_Package.Dummy" name="d" time="0.002"/>
  <system-out/>
  <testcase classname="com.Practice_Package.Dummy" name="a" time="0.001"/>
  <system-out/>
  <testcase classname="com.Practice_Package.Dummy" name="b" time="0.012"/>
  <system-out/>
  <testcase classname="com.Practice_Package.Dummy" name="e" time="0.003"/>
  <system-out/>
</testsuite> <!-- com.Practice_Package.Dummy -->
