<?xml version="1.0" encoding="UTF-8"?>
<!-- Generated by org.testng.reporters.JUnitReportReporter -->
<testsuite hostname="LAPTOP-QHMIOBC5" failures="0" tests="1" name="testScripts_Baseclass.DeleteEmployeeFromHROCheckEmployeeTC09_Test" time="137.614" errors="0" timestamp="2023-12-01T17:59:50 IST" skipped="0">
  <testcase classname="testScripts_Baseclass.DeleteEmployeeFromHROCheckEmployeeTC09_Test" name="tc09" time="137.614"/>
  <system-out>
    <![CDATA[tc09--- TestScript Execution Starts From Here ---
Login Successfully!!
Delete Successfully!!!
Successfully Logout!
tc09 Executed Succeessfully]]>
  </system-out>
</testsuite> <!-- testScripts_Baseclass.DeleteEmployeeFromHROCheckEmployeeTC09_Test -->
