<?xml version="1.0" encoding="UTF-8"?>
<!-- Generated by org.testng.reporters.JUnitReportReporter -->
<testsuite hostname="LAPTOP-QHMIOBC5" failures="0" tests="1" name="testScripts_Baseclass.EditEmployee_FromHRA_CheckFromHRH_TC_24_Test" time="155.783" errors="0" timestamp="2023-11-23T17:24:42 IST" skipped="0">
  <testcase classname="testScripts_Baseclass.EditEmployee_FromHRA_CheckFromHRH_TC_24_Test" name="tc24" time="155.783"/>
  <system-out/>
</testsuite> <!-- testScripts_Baseclass.EditEmployee_FromHRA_CheckFromHRH_TC_24_Test -->
