<?xml version="1.0" encoding="UTF-8"?>
<!-- Generated by org.testng.reporters.JUnitReportReporter -->
<testsuite hostname="LAPTOP-QHMIOBC5" failures="0" tests="1" name="com.Practice_Package.ReadDataFromMvnCmdTest" time="0.011" errors="0" timestamp="2023-11-10T13:11:28 IST" skipped="0">
  <testcase classname="com.Practice_Package.ReadDataFromMvnCmdTest" name="testMvn" time="0.011"/>
  <system-out/>
</testsuite> <!-- com.Practice_Package.ReadDataFromMvnCmdTest -->
