<?xml version="1.0" encoding="UTF-8"?>
<!-- Generated by org.testng.reporters.JUnitReportReporter -->
<testsuite hostname="LAPTOP-QHMIOBC5" failures="0" tests="1" name="testScripts_Baseclass.AddEmployeeTC01_Test" time="164.612" errors="0" timestamp="2023-12-01T18:16:00 IST" skipped="0">
  <testcase classname="testScripts_Baseclass.AddEmployeeTC01_Test" name="tC_01" time="164.612"/>
  <system-out>
    <![CDATA[tC_01--- TestScript Execution Starts From Here ---
Login Successfully!!
Insert Successfully!!!
Insert Successfully!!!
Insert Successfully!!!
Successfully Logout!
Login Successfully!!
Insert Successfully!!!
Successfully Logout!
tC_01 Executed Succeessfully]]>
  </system-out>
</testsuite> <!-- testScripts_Baseclass.AddEmployeeTC01_Test -->
