<?xml version="1.0" encoding="UTF-8"?>
<!-- Generated by org.testng.reporters.JUnitReportReporter -->
<testsuite hostname="LAPTOP-QHMIOBC5" failures="0" tests="1" name="testScripts_Baseclass.HrOfficerLogin_TC_02_Test" time="11.989" errors="0" timestamp="2023-11-23T10:45:20 IST" skipped="0">
  <testcase classname="testScripts_Baseclass.HrOfficerLogin_TC_02_Test" name="tc02" time="11.989"/>
  <system-out/>
</testsuite> <!-- testScripts_Baseclass.HrOfficerLogin_TC_02_Test -->
