<?xml version="1.0" encoding="UTF-8"?>
<!-- Generated by org.testng.reporters.JUnitReportReporter -->
<testsuite hostname="LAPTOP-QHMIOBC5" failures="0" tests="1" name="com.Practice_Package.SampleTest" time="6.786" errors="0" timestamp="2023-11-30T13:10:52 IST" skipped="0">
  <testcase classname="com.Practice_Package.SampleTest" name="m1Test" time="6.786"/>
  <system-out/>
</testsuite> <!-- com.Practice_Package.SampleTest -->
