<?xml version="1.0" encoding="UTF-8"?>
<!-- Generated by org.testng.reporters.JUnitReportReporter -->
<testsuite hostname="LAPTOP-QHMIOBC5" failures="0" tests="1" name="com.Practice_Package.CmdParameterTest" time="3.434" errors="0" timestamp="2023-11-10T15:51:33 IST" skipped="0">
  <testcase classname="com.Practice_Package.CmdParameterTest" name="cmdParameterTest" time="3.434"/>
  <system-out/>
</testsuite> <!-- com.Practice_Package.CmdParameterTest -->
