<?xml version="1.0" encoding="UTF-8"?>
<!-- Generated by org.testng.reporters.JUnitReportReporter -->
<testsuite hostname="LAPTOP-QHMIOBC5" failures="0" tests="1" name="testScripts_Baseclass.HrOfficerLoginTC02_Test" time="1.667" errors="0" timestamp="2023-12-01T11:05:33 IST" skipped="0">
  <testcase classname="testScripts_Baseclass.HrOfficerLoginTC02_Test" name="tc02" time="1.667"/>
  <system-out>
    <![CDATA[tc02--- TestScript Execution Starts From Here ---
Login Successfully!!
http://rmgtestingserver/domain/HRM_System/Admin_Dashboard/Admin_Dashboard.php
Successfully Logout!
tc02 Executed Succeessfully]]>
  </system-out>
</testsuite> <!-- testScripts_Baseclass.HrOfficerLoginTC02_Test -->
