<?xml version="1.0" encoding="UTF-8"?>
<!-- Generated by org.testng.reporters.JUnitReportReporter -->
<testsuite hostname="LAPTOP-QHMIOBC5" failures="0" tests="2" name="com.Practice_Package.Aemo2" time="0.009" errors="0" timestamp="2023-11-21T22:13:50 IST" skipped="0">
  <testcase classname="com.Practice_Package.Aemo2" name="m3" time="0.008"/>
  <system-out/>
  <testcase classname="com.Practice_Package.Aemo2" name="m4" time="0.001"/>
  <system-out/>
</testsuite> <!-- com.Practice_Package.Aemo2 -->
