<?xml version="1.0" encoding="UTF-8"?>
<!-- Generated by org.testng.reporters.JUnitReportReporter -->
<testsuite hostname="LAPTOP-QHMIOBC5" failures="0" tests="3" name="com.Practice_Package.DataProvider1" time="0.011" errors="0" timestamp="2023-11-27T09:43:29 IST" skipped="0">
  <testcase classname="com.Practice_Package.DataProvider1" name="m1" time="0.001"/>
  <system-out/>
  <testcase classname="com.Practice_Package.DataProvider1" name="m1" time="0.000"/>
  <system-out/>
  <testcase classname="com.Practice_Package.DataProvider1" name="m1" time="0.010"/>
  <system-out/>
</testsuite> <!-- com.Practice_Package.DataProvider1 -->
