<?xml version="1.0" encoding="UTF-8"?>
<!-- Generated by org.testng.reporters.JUnitReportReporter -->
<testsuite hostname="LAPTOP-QHMIOBC5" failures="0" tests="1" name="testScripts_Baseclass.AddEmployeeFromHRHCountEmployeeFromHROTC54_Test" time="136.274" errors="0" timestamp="2023-12-01T10:31:30 IST" skipped="0">
  <testcase classname="testScripts_Baseclass.AddEmployeeFromHRHCountEmployeeFromHROTC54_Test" name="tc54" time="136.274"/>
  <system-out>
    <![CDATA[tc54--- TestScript Execution Starts From Here ---
Login Successfully!!
Insert Successfully!!!
Successfully Logout!
Login Successfully!!
Successfully Logout!
tc54 Executed Succeessfully]]>
  </system-out>
</testsuite> <!-- testScripts_Baseclass.AddEmployeeFromHRHCountEmployeeFromHROTC54_Test -->
