<?xml version="1.0" encoding="UTF-8"?>
<!-- Generated by org.testng.reporters.JUnitReportReporter -->
<testsuite hostname="LAPTOP-QHMIOBC5" failures="0" tests="4" name="com.Practice_Package.Demo1" time="0.065" errors="0" timestamp="2023-11-24T12:44:59 IST" skipped="0">
  <testcase classname="com.Practice_Package.Demo1" name="m2" time="0.009"/>
  <system-out/>
  <testcase classname="com.Practice_Package.Demo1" name="m1" time="0.003"/>
  <system-out/>
  <testcase classname="com.Practice_Package.Demo1" name="m2" time="0.028"/>
  <system-out/>
  <testcase classname="com.Practice_Package.Demo1" name="m1" time="0.025"/>
  <system-out/>
</testsuite> <!-- com.Practice_Package.Demo1 -->
