<?xml version="1.0" encoding="UTF-8"?>
<!-- Generated by org.testng.reporters.JUnitReportReporter -->
<testsuite hostname="LAPTOP-QHMIOBC5" failures="0" tests="2" name="testScripts_Baseclass.AddEmployee_TC_01_Test" time="204.674" errors="0" timestamp="2023-11-23T10:45:20 IST" skipped="0">
  <testcase classname="testScripts_Baseclass.AddEmployee_TC_01_Test" name="method_TC01" time="0.011"/>
  <system-out/>
  <testcase classname="testScripts_Baseclass.AddEmployee_TC_01_Test" name="tC_01" time="204.663"/>
  <system-out/>
</testsuite> <!-- testScripts_Baseclass.AddEmployee_TC_01_Test -->
